Determining if the function sgemm_ exists failed with the following output:
Change Dir: /home/roboboat/ros2_ws/build/zed_rgb_convert/CMakeFiles/CMakeTmp

Run Build Command(s):/usr/bin/make cmTC_2531b/fast && /usr/bin/make -f CMakeFiles/cmTC_2531b.dir/build.make CMakeFiles/cmTC_2531b.dir/build
make[1]: Entering directory '/home/roboboat/ros2_ws/build/zed_rgb_convert/CMakeFiles/CMakeTmp'
Building C object CMakeFiles/cmTC_2531b.dir/CheckFunctionExists.c.o
/usr/bin/cc   -DCHECK_FUNCTION_EXISTS=sgemm_   -o CMakeFiles/cmTC_2531b.dir/CheckFunctionExists.c.o   -c /usr/share/cmake-3.16/Modules/CheckFunctionExists.c
Linking C executable cmTC_2531b
/usr/bin/cmake -E cmake_link_script CMakeFiles/cmTC_2531b.dir/link.txt --verbose=1
/usr/bin/cc  -DCHECK_FUNCTION_EXISTS=sgemm_    CMakeFiles/cmTC_2531b.dir/CheckFunctionExists.c.o  -o cmTC_2531b 
/usr/bin/ld: CMakeFiles/cmTC_2531b.dir/CheckFunctionExists.c.o: in function `main':
CheckFunctionExists.c:(.text+0x10): undefined reference to `sgemm_'
collect2: error: ld returned 1 exit status
make[1]: *** [CMakeFiles/cmTC_2531b.dir/build.make:87: cmTC_2531b] Error 1
make[1]: Leaving directory '/home/roboboat/ros2_ws/build/zed_rgb_convert/CMakeFiles/CMakeTmp'
make: *** [Makefile:121: cmTC_2531b/fast] Error 2



Performing C SOURCE FILE Test CMAKE_HAVE_LIBC_PTHREAD failed with the following output:
Change Dir: /home/roboboat/ros2_ws/build/zed_rgb_convert/CMakeFiles/CMakeTmp

Run Build Command(s):/usr/bin/make cmTC_72fe4/fast && /usr/bin/make -f CMakeFiles/cmTC_72fe4.dir/build.make CMakeFiles/cmTC_72fe4.dir/build
make[1]: Entering directory '/home/roboboat/ros2_ws/build/zed_rgb_convert/CMakeFiles/CMakeTmp'
Building C object CMakeFiles/cmTC_72fe4.dir/src.c.o
/usr/bin/cc   -DCMAKE_HAVE_LIBC_PTHREAD   -o CMakeFiles/cmTC_72fe4.dir/src.c.o   -c /home/roboboat/ros2_ws/build/zed_rgb_convert/CMakeFiles/CMakeTmp/src.c
Linking C executable cmTC_72fe4
/usr/bin/cmake -E cmake_link_script CMakeFiles/cmTC_72fe4.dir/link.txt --verbose=1
/usr/bin/cc  -DCMAKE_HAVE_LIBC_PTHREAD    CMakeFiles/cmTC_72fe4.dir/src.c.o  -o cmTC_72fe4 
/usr/bin/ld: CMakeFiles/cmTC_72fe4.dir/src.c.o: in function `main':
src.c:(.text+0x48): undefined reference to `pthread_create'
/usr/bin/ld: src.c:(.text+0x50): undefined reference to `pthread_detach'
/usr/bin/ld: src.c:(.text+0x5c): undefined reference to `pthread_join'
collect2: error: ld returned 1 exit status
make[1]: *** [CMakeFiles/cmTC_72fe4.dir/build.make:87: cmTC_72fe4] Error 1
make[1]: Leaving directory '/home/roboboat/ros2_ws/build/zed_rgb_convert/CMakeFiles/CMakeTmp'
make: *** [Makefile:121: cmTC_72fe4/fast] Error 2


Source file was:
#include <pthread.h>

void* test_func(void* data)
{
  return data;
}

int main(void)
{
  pthread_t thread;
  pthread_create(&thread, NULL, test_func, NULL);
  pthread_detach(thread);
  pthread_join(thread, NULL);
  pthread_atfork(NULL, NULL, NULL);
  pthread_exit(NULL);

  return 0;
}

Determining if the function pthread_create exists in the pthreads failed with the following output:
Change Dir: /home/roboboat/ros2_ws/build/zed_rgb_convert/CMakeFiles/CMakeTmp

Run Build Command(s):/usr/bin/make cmTC_9cb63/fast && /usr/bin/make -f CMakeFiles/cmTC_9cb63.dir/build.make CMakeFiles/cmTC_9cb63.dir/build
make[1]: Entering directory '/home/roboboat/ros2_ws/build/zed_rgb_convert/CMakeFiles/CMakeTmp'
Building C object CMakeFiles/cmTC_9cb63.dir/CheckFunctionExists.c.o
/usr/bin/cc   -DCHECK_FUNCTION_EXISTS=pthread_create   -o CMakeFiles/cmTC_9cb63.dir/CheckFunctionExists.c.o   -c /usr/share/cmake-3.16/Modules/CheckFunctionExists.c
Linking C executable cmTC_9cb63
/usr/bin/cmake -E cmake_link_script CMakeFiles/cmTC_9cb63.dir/link.txt --verbose=1
/usr/bin/cc  -DCHECK_FUNCTION_EXISTS=pthread_create    CMakeFiles/cmTC_9cb63.dir/CheckFunctionExists.c.o  -o cmTC_9cb63  -lpthreads 
/usr/bin/ld: cannot find -lpthreads
collect2: error: ld returned 1 exit status
make[1]: *** [CMakeFiles/cmTC_9cb63.dir/build.make:87: cmTC_9cb63] Error 1
make[1]: Leaving directory '/home/roboboat/ros2_ws/build/zed_rgb_convert/CMakeFiles/CMakeTmp'
make: *** [Makefile:121: cmTC_9cb63/fast] Error 2



